[debug] [2022-11-18T15:25:23.288Z] ----------------------------------------------------------------------
[debug] [2022-11-18T15:25:23.292Z] Command:       C:\Program Files\nodejs\node.exe C:\Users\Cooker\AppData\Roaming\npm\node_modules\firebase-tools\lib\bin\firebase.js deploy
[debug] [2022-11-18T15:25:23.293Z] CLI Version:   11.16.0
[debug] [2022-11-18T15:25:23.293Z] Platform:      win32
[debug] [2022-11-18T15:25:23.293Z] Node Version:  v16.17.0
[debug] [2022-11-18T15:25:23.374Z] Time:          Sat Nov 19 2022 00:25:23 GMT+0900 (Japan Standard Time)
[debug] [2022-11-18T15:25:23.375Z] ----------------------------------------------------------------------
[debug] 
[debug] [2022-11-18T15:25:23.567Z] > command requires scopes: ["email","openid","https://www.googleapis.com/auth/cloudplatformprojects.readonly","https://www.googleapis.com/auth/firebase","https://www.googleapis.com/auth/cloud-platform"]
[debug] [2022-11-18T15:25:23.568Z] > authorizing via signed-in user (cooker98910@gmail.com)
[debug] [2022-11-18T15:25:23.569Z] [iam] checking project test-apx for permissions ["firebase.projects.get","firebasehosting.sites.update"]
[debug] [2022-11-18T15:25:23.573Z] >>> [apiv2][query] POST https://cloudresourcemanager.googleapis.com/v1/projects/test-apx:testIamPermissions [none]
[debug] [2022-11-18T15:25:23.573Z] >>> [apiv2][(partial)header] POST https://cloudresourcemanager.googleapis.com/v1/projects/test-apx:testIamPermissions x-goog-quota-user=projects/test-apx
[debug] [2022-11-18T15:25:23.574Z] >>> [apiv2][body] POST https://cloudresourcemanager.googleapis.com/v1/projects/test-apx:testIamPermissions {"permissions":["firebase.projects.get","firebasehosting.sites.update"]}
[debug] [2022-11-18T15:25:23.716Z] [iam] error while checking permissions, command may fail: FirebaseError: Failed to make request to https://cloudresourcemanager.googleapis.com/v1/projects/test-apx:testIamPermissions
[debug] [2022-11-18T15:25:23.718Z] >>> [apiv2][query] GET https://firebase.googleapis.com/v1beta1/projects/test-apx [none]
[debug] [2022-11-18T15:25:23.743Z] Failed to make request to https://firebase.googleapis.com/v1beta1/projects/test-apx
[debug] [2022-11-18T15:25:23.792Z] FirebaseError: Failed to make request to https://firebase.googleapis.com/v1beta1/projects/test-apx
    at RetryOperation._fn (C:\Users\Cooker\AppData\Roaming\npm\node_modules\firebase-tools\lib\apiv2.js:242:31)
    at processTicksAndRejections (node:internal/process/task_queues:96:5)
[error] 
[error] Error: Failed to get Firebase project test-apx. Please make sure the project exists and your account has permission to access it.
